<?xml version="1.0" encoding="UTF-8"?>
<!-- Generated by org.testng.reporters.JUnitReportReporter -->
<testsuite hostname="DASARI" failures="0" tests="1" name="com.testCases.LOGINPAGETEST2" time="24.071" errors="0" timestamp="2024-08-02T16:58:07 IST" skipped="0">
  <testcase classname="com.testCases.LOGINPAGETEST2" name="verfining" time="24.071"/>
</testsuite> <!-- com.testCases.LOGINPAGETEST2 -->
