<?xml version="1.0" encoding="UTF-8"?>
<!-- Generated by org.testng.reporters.JUnitReportReporter -->
<testsuite hostname="DASARI" failures="0" tests="1" name="com.Utilities.PRACTICE1" time="1.235" errors="0" timestamp="2024-07-30T22:31:35 IST" skipped="0">
  <testcase classname="com.Utilities.PRACTICE1" name="gettingexceldata" time="1.235"/>
</testsuite> <!-- com.Utilities.PRACTICE1 -->
