<?xml version="1.0" encoding="UTF-8"?>
<!-- Generated by org.testng.reporters.JUnitReportReporter -->
<testsuite hostname="DASARI" failures="0" tests="1" name="com.testCases.HYR_WebTEST" time="6.764" errors="0" timestamp="2024-07-22T23:45:40 IST" skipped="0">
  <testcase classname="com.testCases.HYR_WebTEST" name="caseTest" time="6.764"/>
</testsuite> <!-- com.testCases.HYR_WebTEST -->
