<?xml version="1.0" encoding="UTF-8"?>
<!-- Generated by org.testng.reporters.JUnitReportReporter -->
<testsuite hostname="DASARI" failures="0" tests="4" name="TESTNG_PRATICE.testNG_2" time="22.876" errors="0" timestamp="2024-07-08T22:43:47 IST" skipped="0">
  <testcase classname="TESTNG_PRATICE.testNG_2" name="openapp" time="6.467"/>
  <testcase classname="TESTNG_PRATICE.testNG_2" name="Testlogo" time="10.168"/>
  <testcase classname="TESTNG_PRATICE.testNG_2" name="Testlogin" time="5.805"/>
  <testcase classname="TESTNG_PRATICE.testNG_2" name="close" time="0.436"/>
</testsuite> <!-- TESTNG_PRATICE.testNG_2 -->
