<?xml version="1.0" encoding="UTF-8"?>
<!-- Generated by org.testng.reporters.JUnitReportReporter -->
<testsuite hostname="DASARI" failures="0" tests="1" name="TESTNG_PRATICE.Assertions" time="0.009" errors="0" timestamp="2024-07-11T12:05:23 IST" skipped="0">
  <testcase classname="TESTNG_PRATICE.Assertions" name="Test_title" time="0.009"/>
</testsuite> <!-- TESTNG_PRATICE.Assertions -->
