<?xml version="1.0" encoding="UTF-8"?>
<!-- Generated by org.testng.reporters.JUnitReportReporter -->
<testsuite hostname="DASARI" failures="0" tests="1" name="JUNE_PRACTICE_PACKAGE.selenium_practice" time="3.760" errors="0" timestamp="2024-07-14T23:09:38 IST" skipped="0">
  <testcase classname="JUNE_PRACTICE_PACKAGE.selenium_practice" name="first" time="3.760"/>
</testsuite> <!-- JUNE_PRACTICE_PACKAGE.selenium_practice -->
